<?xml version="1.0" encoding="UTF-8"?>
<!-- Generated by org.testng.reporters.JUnitXMLReporter -->
<testsuite hostname="DESKTOP-58P6EJL" name="Default test" tests="3" failures="0" timestamp="29 May 2020 14:51:34 GMT" time="49.419" errors="0">
  <testcase name="getLoginPageTitle_test" time="0.05" classname="com.qa.manor.tests.LoginPageTest"/>
  <testcase name="verifyForgetPwd_test" time="0.525" classname="com.qa.manor.tests.LoginPageTest"/>
  <testcase name="doLogin_test" time="1.263" classname="com.qa.manor.tests.LoginPageTest"/>
</testsuite> <!-- Default test -->
