<?xml version="1.0" encoding="UTF-8"?>
<!-- Generated by org.testng.reporters.JUnitXMLReporter -->
<testsuite hostname="DESKTOP-58P6EJL" name="Manor Functional Regression Test" tests="4" failures="1" timestamp="29 May 2020 23:06:39 GMT" time="89.252" errors="0">
  <testcase name="getPageTitle_test" time="0.551" classname="com.qa.manor.tests.WelcomePageTest"/>
  <testcase name="verifyPageLogo_test" time="4.625" classname="com.qa.manor.tests.WelcomePageTest"/>
  <testcase name="verifySeachBar_test" time="20.116" classname="com.qa.manor.tests.WelcomePageTest">
    <failure type="java.lang.AssertionError" message="search bar is available expected [true] but found [false]">
      <![CDATA[java.lang.AssertionError: search bar is available expected [true] but found [false]
	at com.qa.manor.tests.WelcomePageTest.verifySeachBar_test(WelcomePageTest.java:68)
... Removed 28 stack frames]]>
    </failure>
  </testcase> <!-- verifySeachBar_test -->
  <testcase name="goToLoginPage_test" time="7.5" classname="com.qa.manor.tests.WelcomePageTest"/>
</testsuite> <!-- Manor Functional Regression Test -->
